Begin Time Mon Mar 28 13:19:47 CST 2022
Directory is /home/zijin/pic/Moon/run/10
                    _            _
  ___           _  | |        _  \ \   Version : 2fd880f-master
 / __|  _ __   (_) | |  ___  (_)  | |   
 \__ \ | '  \   _  | | / -_)  _   | |
 |___/ |_|_|_| |_| |_| \___| |_|  | |  
                                 /_/    
 
 

 Reading the simulation parameters
 --------------------------------------------------------------------------------
 HDF5 version 1.12.1
	 Python version 3.9.2
	 Parsing pyinit.py
	 Parsing 2fd880f-master
	 Parsing pyprofiles.py
	 Parsing test.py
	 Parsing pycontrol.py
	 Check for function preprocess()
	 python preprocess function does not exist
	 Calling python _smilei_check
	 Calling python _prepare_checkpoint_dir
	 Calling python _keep_python_running() :
	[WARNING] Patches distribution: hilbertian
	[WARNING] simulation_time has been redefined from 535.343675 to 535.338452 to match timestep.
 

 Geometry: 3Dcartesian
 --------------------------------------------------------------------------------
	 Interpolation order : 2
	 Maxwell solver : Yee
	 simulation duration = 535.338452,   total number of iterations = 99946
	 timestep = 0.005356 = 0.950000 x CFL,   time resolution = 186.696845
	 Grid length: 0.625, 1.25, 1.25
	 Cell length: 0.00976562, 0.00976562, 0.00976562
	 Number of cells: 64, 128, 128
	 Spatial resolution: 102.4, 102.4, 102.4
 

 Electromagnetic boundary conditions
 --------------------------------------------------------------------------------
	 xmin silver-muller, absorbing vector [1, 0, 0]
	 xmax silver-muller, absorbing vector [-1, -0, -0]
	 ymin silver-muller, absorbing vector [0, 1, 0]
	 ymax silver-muller, absorbing vector [-0, -1, -0]
	 zmin silver-muller, absorbing vector [0, 0, 1]
	 zmax silver-muller, absorbing vector [-0, -0, -1]
 

 Vectorization: 
 --------------------------------------------------------------------------------
	 Mode: off
 

 Initializing MPI
 --------------------------------------------------------------------------------
	 MPI_THREAD_MULTIPLE enabled
	 Number of MPI processes: 2
	 Number of threads per MPI process : 24
 
	 Number of patches: 8 x 16 x 16
	 Number of cells in one patch: 8 x 8 x 8
	 Dynamic load balancing: never
 

 Initializing the restart environment
 --------------------------------------------------------------------------------
	 Code will dump after 99946 steps
	 Code will exit after dump
 
 

 Initializing species
 --------------------------------------------------------------------------------
	 
	 Creating Species #0: solar_electron
		 > Pusher: boris
		 > Density profile: 3D built-in profile `trapezoidal` (value: 1795.352149, xvacuum: 0.605469, yvacuum: 0.000000, zvacuum: 0.000000, xplateau: 0.625000, yplateau: 1.500000, zplateau: 1.500000, xslope1: 0.000000, xslope2: 0.000000, yslope1: 0.000000, yslope2: 0.000000, zslope1: 0.000000, zslope2: 0.000000)
	 
	 Creating Species #1: solar_ion
		 > Pusher: boris
		 > Density profile: 3D built-in profile `trapezoidal` (value: 1795.352149, xvacuum: 0.605469, yvacuum: 0.000000, zvacuum: 0.000000, xplateau: 0.625000, yplateau: 1.500000, zplateau: 1.500000, xslope1: 0.000000, xslope2: 0.000000, yslope1: 0.000000, yslope2: 0.000000, zslope1: 0.000000, zslope2: 0.000000)
 

 Initializing External fields
 --------------------------------------------------------------------------------
	 External field Bx: 3D from file `Fields_input.h5/Bx`
	 External field By: 3D from file `Fields_input.h5/By`
	 External field Bz: 3D from file `Fields_input.h5/Bz`
	 External field By: 3D built-in profile `constant` (value: 0.228805)
 

 Initializing particle injectors
 --------------------------------------------------------------------------------
	 
	 Creating Injector: injector0
		 > Associated species: solar_electron (of index 0)
		 > Injection from from the side: xmax
		 > Position initialization defined as the species.
		 > Position initialization: random
		 > Momentum initialization defined as the species.
		 > Momentum initialization: maxwell-juettner
		 > Mean velocity defined as the species.
		 > Temperature defined as the species.
		 > Number density profile defined as the species.
		 > Time profile: 1D built-in profile `tconstant` (0.000000)
		 > Particles per cell defined as the associated species: 3D built-in profile `constant` (value: 64.000000).
	 
	 Creating Injector: injector1
		 > Associated species: solar_ion (of index 1)
		 > Injection from from the side: xmax
		 > Position initialization defined as the species.
		 > Position initialization: random
		 > Momentum initialization defined as the species.
		 > Momentum initialization: maxwell-juettner
		 > Mean velocity defined as the species.
		 > Temperature defined as the species.
		 > Number density profile defined as the species.
		 > Time profile: 1D built-in profile `tconstant` (0.000000)
		 > Particles per cell defined as the associated species: 3D built-in profile `constant` (value: 64.000000).
 

 Initializing Patches
 --------------------------------------------------------------------------------
	 First patch created
		 Approximately 10% of patches created
		 Approximately 20% of patches created
		 Approximately 30% of patches created
		 Approximately 40% of patches created
		 Approximately 50% of patches created
		 Approximately 60% of patches created
		 Approximately 70% of patches created
		 Approximately 80% of patches created
		 Approximately 90% of patches created
	 All patches created
 

 Creating Diagnostics, antennas, and external fields
 --------------------------------------------------------------------------------
	 Created ParticleBinning #0: species solar_electron
		 Axis x from auto to auto in 64 steps
		 Axis y from 1.24023 to 1.25977 in 1 steps
		 Axis z from 1.24023 to 1.25977 in 1 steps
		 Axis vx from -0.1 to 0.1 in 20 steps
	 Created ParticleBinning #1: species solar_electron
		 Axis x from auto to auto in 64 steps
		 Axis y from 1.24023 to 1.25977 in 1 steps
		 Axis z from 1.24023 to 1.25977 in 1 steps
		 Axis vy from -0.1 to 0.1 in 20 steps
	 Created ParticleBinning #2: species solar_electron
		 Axis x from auto to auto in 64 steps
		 Axis y from 1.24023 to 1.25977 in 1 steps
		 Axis z from 1.24023 to 1.25977 in 1 steps
		 Axis vz from -0.1 to 0.1 in 20 steps
	 Created ParticleBinning #3: species solar_ion
		 Axis x from auto to auto in 64 steps
		 Axis y from 1.24023 to 1.25977 in 1 steps
		 Axis z from 1.24023 to 1.25977 in 1 steps
		 Axis vx from -0.1 to 0.1 in 20 steps
	 Created ParticleBinning #4: species solar_ion
		 Axis x from auto to auto in 64 steps
		 Axis y from 1.24023 to 1.25977 in 1 steps
		 Axis z from 1.24023 to 1.25977 in 1 steps
		 Axis vy from -0.1 to 0.1 in 20 steps
	 Created ParticleBinning #5: species solar_ion
		 Axis x from auto to auto in 64 steps
		 Axis y from 1.24023 to 1.25977 in 1 steps
		 Axis z from 1.24023 to 1.25977 in 1 steps
		 Axis vz from -0.1 to 0.1 in 20 steps
	 Diagnostic Fields #0  :
		 Ex Ey Ez Bx By Bz Bx_m By_m Bz_m Jx Jy Jz Rho Jx_solar_electron Jy_solar_electron Jz_solar_electron Rho_solar_electron Jx_solar_ion Jy_solar_ion Jz_solar_ion Rho_solar_ion 
	 Created TrackParticles #0: species solar_electron
		 id,x,y,z,px,py,pz,Ex,Ey,Ez,Bx,By,Bz
	 Created TrackParticles #1: species solar_ion
		 id,x,y,z,px,py,pz,Ex,Ey,Ez,Bx,By,Bz
 

 finalize MPI
 --------------------------------------------------------------------------------
	 Done creating diagnostics, antennas, and external fields
 

 Minimum memory consumption (does not include all temporary buffers)
 --------------------------------------------------------------------------------
              Particles: Master 132 MB;   Max 132 MB;   Global 0.258 GB
                 Fields: Master 360 MB;   Max 360 MB;   Global 0.704 GB
            scalars.txt: Master 0 MB;   Max 0 MB;   Global 0 GB
    ParticleBinning0.h5: Master 0 MB;   Max 0 MB;   Global 1.91e-05 GB
    ParticleBinning1.h5: Master 0 MB;   Max 0 MB;   Global 1.91e-05 GB
    ParticleBinning2.h5: Master 0 MB;   Max 0 MB;   Global 1.91e-05 GB
    ParticleBinning3.h5: Master 0 MB;   Max 0 MB;   Global 1.91e-05 GB
    ParticleBinning4.h5: Master 0 MB;   Max 0 MB;   Global 1.91e-05 GB
    ParticleBinning5.h5: Master 0 MB;   Max 0 MB;   Global 1.91e-05 GB
             Fields0.h5: Master 0 MB;   Max 0 MB;   Global 0 GB
 TrackParticlesDisordered_solar_electron.h5: Master 0 MB;   Max 0 MB;   Global 0 GB
 TrackParticlesDisordered_solar_ion.h5: Master 0 MB;   Max 0 MB;   Global 0 GB
 

 Initial fields setup
 --------------------------------------------------------------------------------
	 Solving Poisson at time t = 0
 

 Initializing E field through Poisson solver
 --------------------------------------------------------------------------------
	 Poisson solver converged at iteration: 369, relative err is ctrl = 0.925226 x 1e-14
	 Poisson equation solved. Maximum err = 0.000000 at i= -1
 Time in Poisson : 8.008198
	 Applying external fields at time t = 0
	 Applying prescribed fields at time t = 0
	 Applying antennas at time t = 0
 

 Open files & initialize diagnostics
 --------------------------------------------------------------------------------
 

 Running diags at time t = 0
 --------------------------------------------------------------------------------
 

 Species creation summary
 --------------------------------------------------------------------------------
		 Species 0 (solar_electron) created with 2097152 particles
		 Species 1 (solar_ion) created with 2097152 particles
 

 Expected disk usage (approximate)
 --------------------------------------------------------------------------------
	 WARNING: disk usage by non-uniform particles maybe strongly underestimated,
	    especially when particles are created at runtime (ionization, pair generation, etc.)
	 
	 Expected disk usage for diagnostics:
		 File Fields0.h5: 3.55 G
		 File TrackParticlesDisordered_solar_electron.h5: 233.15 K
		 File TrackParticlesDisordered_solar_ion.h5: 233.15 K
		 File scalars.txt: 5.33 M
		 File ParticleBinning0.h5: 224.59 K
		 File ParticleBinning1.h5: 224.59 K
		 File ParticleBinning2.h5: 224.59 K
		 File ParticleBinning3.h5: 224.59 K
		 File ParticleBinning4.h5: 224.59 K
		 File ParticleBinning5.h5: 224.59 K
	 Total disk usage for diagnostics: 3.56 G
	 
	 Expected disk usage for each checkpoint:
		 For fields: 308.95 M
		 For particles: 32.00 K
		 For diagnostics: 0 bytes
	 Total disk usage for one checkpoint: 308.98 M
 

 Keeping or closing the python runtime environment
 --------------------------------------------------------------------------------
	 Checking for cleanup() function:
	 python cleanup function does not exist
	 Closing Python
 

 Time-Loop started: number of time-steps n_time = 99946
 --------------------------------------------------------------------------------
	[WARNING] The following `push time` assumes a global number of 48 cores (hyperthreading is unknown)
      timestep       sim time   cpu time [s]   (    diff [s] )   push time [ns]
Begin Time Mon Mar 28 13:33:13 CST 2022
Directory is /home/zijin/pic/Moon/run/s10
                    _            _
  ___           _  | |        _  \ \   Version : 2fd880f-master
 / __|  _ __   (_) | |  ___  (_)  | |   
 \__ \ | '  \   _  | | / -_)  _   | |
 |___/ |_|_|_| |_| |_| \___| |_|  | |  
                                 /_/    
 
 

 Reading the simulation parameters
 --------------------------------------------------------------------------------
 HDF5 version 1.12.1
	 Python version 3.9.2
	 Parsing pyinit.py
	 Parsing 2fd880f-master
	 Parsing pyprofiles.py
	 Parsing test.py
	 Parsing pycontrol.py
	 Check for function preprocess()
	 python preprocess function does not exist
	 Calling python _smilei_check
	 Calling python _prepare_checkpoint_dir
	 Calling python _keep_python_running() :
	[WARNING] Patches distribution: hilbertian
	[WARNING] simulation_time has been redefined from 535.343675 to 535.338452 to match timestep.
 

 Geometry: 3Dcartesian
 --------------------------------------------------------------------------------
	 Interpolation order : 2
	 Maxwell solver : Yee
	 simulation duration = 535.338452,   total number of iterations = 99946
	 timestep = 0.005356 = 0.950000 x CFL,   time resolution = 186.696845
	 Grid length: 0.625, 1.25, 1.25
	 Cell length: 0.00976562, 0.00976562, 0.00976562
	 Number of cells: 64, 128, 128
	 Spatial resolution: 102.4, 102.4, 102.4
 

 Electromagnetic boundary conditions
 --------------------------------------------------------------------------------
	 xmin silver-muller, absorbing vector [1, 0, 0]
	 xmax silver-muller, absorbing vector [-1, -0, -0]
	 ymin silver-muller, absorbing vector [0, 1, 0]
	 ymax silver-muller, absorbing vector [-0, -1, -0]
	 zmin silver-muller, absorbing vector [0, 0, 1]
	 zmax silver-muller, absorbing vector [-0, -0, -1]
 

 Vectorization: 
 --------------------------------------------------------------------------------
	 Mode: off
 

 Initializing MPI
 --------------------------------------------------------------------------------
	 MPI_THREAD_MULTIPLE enabled
	 Number of MPI processes: 2
	 Number of threads per MPI process : 24
 
	 Number of patches: 8 x 16 x 16
	 Number of cells in one patch: 8 x 8 x 8
	 Dynamic load balancing: never
 

 Initializing the restart environment
 --------------------------------------------------------------------------------
	 Code will dump after 99946 steps
	 Code will exit after dump
 
 

 Initializing species
 --------------------------------------------------------------------------------
	 
	 Creating Species #0: solar_electron
		 > Pusher: boris
		 > Density profile: 3D built-in profile `trapezoidal` (value: 1795.352149, xvacuum: 0.605469, yvacuum: 0.000000, zvacuum: 0.000000, xplateau: 0.625000, yplateau: 1.500000, zplateau: 1.500000, xslope1: 0.000000, xslope2: 0.000000, yslope1: 0.000000, yslope2: 0.000000, zslope1: 0.000000, zslope2: 0.000000)
	 
	 Creating Species #1: solar_ion
		 > Pusher: boris
		 > Density profile: 3D built-in profile `trapezoidal` (value: 1795.352149, xvacuum: 0.605469, yvacuum: 0.000000, zvacuum: 0.000000, xplateau: 0.625000, yplateau: 1.500000, zplateau: 1.500000, xslope1: 0.000000, xslope2: 0.000000, yslope1: 0.000000, yslope2: 0.000000, zslope1: 0.000000, zslope2: 0.000000)
 

 Initializing External fields
 --------------------------------------------------------------------------------
	 External field Bx: 3D from file `Fields_input.h5/Bx`
	 External field By: 3D from file `Fields_input.h5/By`
	 External field Bz: 3D from file `Fields_input.h5/Bz`
	 External field By: 3D built-in profile `constant` (value: 0.228805)
 

 Initializing particle injectors
 --------------------------------------------------------------------------------
	 
	 Creating Injector: injector0
		 > Associated species: solar_electron (of index 0)
		 > Injection from from the side: xmax
		 > Position initialization defined as the species.
		 > Position initialization: random
		 > Momentum initialization defined as the species.
		 > Momentum initialization: maxwell-juettner
		 > Mean velocity defined as the species.
		 > Temperature defined as the species.
		 > Number density profile defined as the species.
		 > Time profile: 1D built-in profile `tconstant` (0.000000)
		 > Particles per cell defined as the associated species: 3D built-in profile `constant` (value: 64.000000).
	 
	 Creating Injector: injector1
		 > Associated species: solar_ion (of index 1)
		 > Injection from from the side: xmax
		 > Position initialization defined as the species.
		 > Position initialization: random
		 > Momentum initialization defined as the species.
		 > Momentum initialization: maxwell-juettner
		 > Mean velocity defined as the species.
		 > Temperature defined as the species.
		 > Number density profile defined as the species.
		 > Time profile: 1D built-in profile `tconstant` (0.000000)
		 > Particles per cell defined as the associated species: 3D built-in profile `constant` (value: 64.000000).
 

 Initializing Patches
 --------------------------------------------------------------------------------
	 First patch created
		 Approximately 10% of patches created
		 Approximately 20% of patches created
		 Approximately 30% of patches created
		 Approximately 40% of patches created
		 Approximately 50% of patches created
		 Approximately 60% of patches created
		 Approximately 70% of patches created
		 Approximately 80% of patches created
		 Approximately 90% of patches created
	 All patches created
 

 Creating Diagnostics, antennas, and external fields
 --------------------------------------------------------------------------------
	 Created ParticleBinning #0: species solar_electron
		 Axis x from auto to auto in 64 steps
		 Axis y from 1.24023 to 1.25977 in 1 steps
		 Axis z from 1.24023 to 1.25977 in 1 steps
		 Axis vx from -0.1 to 0.1 in 20 steps
	 Created ParticleBinning #1: species solar_electron
		 Axis x from auto to auto in 64 steps
		 Axis y from 1.24023 to 1.25977 in 1 steps
		 Axis z from 1.24023 to 1.25977 in 1 steps
		 Axis vy from -0.1 to 0.1 in 20 steps
	 Created ParticleBinning #2: species solar_electron
		 Axis x from auto to auto in 64 steps
		 Axis y from 1.24023 to 1.25977 in 1 steps
		 Axis z from 1.24023 to 1.25977 in 1 steps
		 Axis vz from -0.1 to 0.1 in 20 steps
	 Created ParticleBinning #3: species solar_ion
		 Axis x from auto to auto in 64 steps
		 Axis y from 1.24023 to 1.25977 in 1 steps
		 Axis z from 1.24023 to 1.25977 in 1 steps
		 Axis vx from -0.1 to 0.1 in 20 steps
	 Created ParticleBinning #4: species solar_ion
		 Axis x from auto to auto in 64 steps
		 Axis y from 1.24023 to 1.25977 in 1 steps
		 Axis z from 1.24023 to 1.25977 in 1 steps
		 Axis vy from -0.1 to 0.1 in 20 steps
	 Created ParticleBinning #5: species solar_ion
		 Axis x from auto to auto in 64 steps
		 Axis y from 1.24023 to 1.25977 in 1 steps
		 Axis z from 1.24023 to 1.25977 in 1 steps
		 Axis vz from -0.1 to 0.1 in 20 steps
	 Diagnostic Fields #0  :
		 Ex Ey Ez Bx By Bz Bx_m By_m Bz_m Jx Jy Jz Rho Jx_solar_electron Jy_solar_electron Jz_solar_electron Rho_solar_electron Jx_solar_ion Jy_solar_ion Jz_solar_ion Rho_solar_ion 
	 Created TrackParticles #0: species solar_electron
		 id,x,y,z,px,py,pz,Ex,Ey,Ez,Bx,By,Bz
	 Created TrackParticles #1: species solar_ion
		 id,x,y,z,px,py,pz,Ex,Ey,Ez,Bx,By,Bz
 

 finalize MPI
 --------------------------------------------------------------------------------
	 Done creating diagnostics, antennas, and external fields
 

 Minimum memory consumption (does not include all temporary buffers)
 --------------------------------------------------------------------------------
              Particles: Master 132 MB;   Max 132 MB;   Global 0.258 GB
                 Fields: Master 360 MB;   Max 360 MB;   Global 0.704 GB
            scalars.txt: Master 0 MB;   Max 0 MB;   Global 0 GB
    ParticleBinning0.h5: Master 0 MB;   Max 0 MB;   Global 1.91e-05 GB
    ParticleBinning1.h5: Master 0 MB;   Max 0 MB;   Global 1.91e-05 GB
    ParticleBinning2.h5: Master 0 MB;   Max 0 MB;   Global 1.91e-05 GB
    ParticleBinning3.h5: Master 0 MB;   Max 0 MB;   Global 1.91e-05 GB
    ParticleBinning4.h5: Master 0 MB;   Max 0 MB;   Global 1.91e-05 GB
    ParticleBinning5.h5: Master 0 MB;   Max 0 MB;   Global 1.91e-05 GB
             Fields0.h5: Master 0 MB;   Max 0 MB;   Global 0 GB
 TrackParticlesDisordered_solar_electron.h5: Master 0 MB;   Max 0 MB;   Global 0 GB
 TrackParticlesDisordered_solar_ion.h5: Master 0 MB;   Max 0 MB;   Global 0 GB
 

 Initial fields setup
 --------------------------------------------------------------------------------
	 Solving Poisson at time t = 0
 

 Initializing E field through Poisson solver
 --------------------------------------------------------------------------------
	 Poisson solver converged at iteration: 369, relative err is ctrl = 0.925226 x 1e-14
	 Poisson equation solved. Maximum err = 0.000000 at i= -1
 Time in Poisson : 8.023410
	 Applying external fields at time t = 0
	 Applying prescribed fields at time t = 0
	 Applying antennas at time t = 0
 

 Open files & initialize diagnostics
 --------------------------------------------------------------------------------
 

 Running diags at time t = 0
 --------------------------------------------------------------------------------
 

 Species creation summary
 --------------------------------------------------------------------------------
		 Species 0 (solar_electron) created with 2097152 particles
		 Species 1 (solar_ion) created with 2097152 particles
 

 Expected disk usage (approximate)
 --------------------------------------------------------------------------------
	 WARNING: disk usage by non-uniform particles maybe strongly underestimated,
	    especially when particles are created at runtime (ionization, pair generation, etc.)
	 
	 Expected disk usage for diagnostics:
		 File Fields0.h5: 3.55 G
		 File TrackParticlesDisordered_solar_electron.h5: 233.15 K
		 File TrackParticlesDisordered_solar_ion.h5: 233.15 K
		 File scalars.txt: 5.33 M
		 File ParticleBinning0.h5: 224.59 K
		 File ParticleBinning1.h5: 224.59 K
		 File ParticleBinning2.h5: 224.59 K
		 File ParticleBinning3.h5: 224.59 K
		 File ParticleBinning4.h5: 224.59 K
		 File ParticleBinning5.h5: 224.59 K
	 Total disk usage for diagnostics: 3.56 G
	 
	 Expected disk usage for each checkpoint:
		 For fields: 308.95 M
		 For particles: 32.00 K
		 For diagnostics: 0 bytes
	 Total disk usage for one checkpoint: 308.98 M
 

 Keeping or closing the python runtime environment
 --------------------------------------------------------------------------------
	 Checking for cleanup() function:
	 python cleanup function does not exist
	 Closing Python
 

 Time-Loop started: number of time-steps n_time = 99946
 --------------------------------------------------------------------------------
	[WARNING] The following `push time` assumes a global number of 48 cores (hyperthreading is unknown)
      timestep       sim time   cpu time [s]   (    diff [s] )   push time [ns]
    9994/99946     5.3533e+01     5.8099e+03   (  5.8099e+03 )            1972 
   19988/99946     1.0706e+02     1.3317e+04   (  7.5069e+03 )            1499 
   29982/99946     1.6059e+02     2.2204e+04   (  8.8872e+03 )            1277 
   39976/99946     2.1413e+02     3.2351e+04   (  1.0147e+04 )            1161 
   49970/99946     2.6766e+02     4.3638e+04   (  1.1287e+04 )            1100 
   59964/99946     3.2119e+02     5.5877e+04   (  1.2238e+04 )            1070 
   69958/99946     3.7472e+02     6.8804e+04   (  1.2927e+04 )            1054 
   79952/99946     4.2825e+02     8.2213e+04   (  1.3409e+04 )            1048 
   89946/99946     4.8178e+02     9.5916e+04   (  1.3703e+04 )            1046 
   99940/99946     5.3531e+02     1.0978e+05   (  1.3860e+04 )            1045 
 Step 99946 : DUMP fields and particles 0
 

 End time loop, time dual = 5.3534e+02
 --------------------------------------------------------------------------------
 

 Time profiling : (print time > 0.001%)
 --------------------------------------------------------------------------------
 Time_in_time_loop	1.0979e+05	9.9787e+01% coverage
 	           Particles	6.339275e+04	5.8e+01%
 	             Maxwell	5.072173e+02	    <1%
 	         Diagnostics	3.142436e+02	    <1%
 	      Sync Particles	1.644410e+03	1.5e+00%
 	         Sync Fields	2.414704e+02	    <1%
 	      Sync Densities	1.823287e+03	1.7e+00%
 	      Part Injection	4.158323e+04	3.8e+01%
 
	 Printed times are averaged per MPI process
 		 See advanced metrics in profil.txt
 
	Diagnostics profile :
 		         scalars.txt	1.4e+02
 		 ParticleBinning0.h5	8.4e-01
 		 ParticleBinning1.h5	8.0e-01
 		 ParticleBinning2.h5	8.0e-01
 		 ParticleBinning3.h5	7.9e-01
 		 ParticleBinning4.h5	8.0e-01
 		 ParticleBinning5.h5	8.0e-01
 		          Fields0.h5	1.4e+01
 		TrackParticlesDisordered_solar_electron.h5	5.3e+01
 		TrackParticlesDisordered_solar_ion.h5	5.3e+01
 

 END
 --------------------------------------------------------------------------------
End Time Tue Mar 29 20:07:45 CST 2022
