/home/zijin/.local/lib/python3.9/site-packages/h5py/__init__.py:36: UserWarning: h5py is running against HDF5 1.12.2 when it was built against 1.12.0, this may cause problems
  _warn(("h5py is running against HDF5 {0} when it was built against {1}, "
/home/zijin/.local/lib/python3.9/site-packages/h5py/__init__.py:36: UserWarning: h5py is running against HDF5 1.12.2 when it was built against 1.12.0, this may cause problems
  _warn(("h5py is running against HDF5 {0} when it was built against {1}, "
/home/zijin/.local/lib/python3.9/site-packages/h5py/__init__.py:36: UserWarning: h5py is running against HDF5 1.12.2 when it was built against 1.12.0, this may cause problems
  _warn(("h5py is running against HDF5 {0} when it was built against {1}, "
/home/zijin/.local/lib/python3.9/site-packages/h5py/__init__.py:36: UserWarning: h5py is running against HDF5 1.12.2 when it was built against 1.12.0, this may cause problems
  _warn(("h5py is running against HDF5 {0} when it was built against {1}, "
[1;31m --------------------------------------------------------------------------------
 [ERROR](0) src/Params/Params.cpp:1492 (runScript) error parsing test.py
 Check out the namelist options: https://smileipic.github.io/Smilei/namelist.html
 --------------------------------------------------------------------------------[0m
Stack trace (most recent call last):
#6    Object "[0xffffffffffffffff]", at 0xffffffffffffffff, in 
#5    Object "/home/zijin/Smilei/build/smilei-oneapi/smilei", at 0x5f54d6, in 
#4    Object "/lib64/libc.so.6", at 0x7f3236d8c554, in __libc_start_main
#3    Object "/home/zijin/Smilei/build/smilei-oneapi/smilei", at 0x4db7ad, in main
#2    Object "/home/zijin/Smilei/build/smilei-oneapi/smilei", at 0x80327b, in Params::Params(SmileiMPI*, std::vector<std::string, std::allocator<std::string> >)
#1    Object "/home/zijin/Smilei/build/smilei-oneapi/smilei", at 0x7fca0d, in Params::runScript(std::string, std::string, _object*)
#0    Object "/lib64/libpthread.so.0", at 0x7f3239fa54fb, in raise
Aborted (Signal sent by tkill() 218437 1006)
[1;31m --------------------------------------------------------------------------------
 [ERROR](0) src/Params/Params.cpp:1492 (runScript) error parsing test.py
 Check out the namelist options: https://smileipic.github.io/Smilei/namelist.html
 --------------------------------------------------------------------------------[0m
Stack trace (most recent call last):
#6    Object "[0xffffffffffffffff]", at 0xffffffffffffffff, in 
#5    Object "/home/zijin/Smilei/build/smilei-oneapi/smilei", at 0x5f54d6, in 
#4    Object "/lib64/libc.so.6", at 0x7f4aae089554, in __libc_start_main
#3    Object "/home/zijin/Smilei/build/smilei-oneapi/smilei", at 0x4db7ad, in main
#2    Object "/home/zijin/Smilei/build/smilei-oneapi/smilei", at 0x80327b, in Params::Params(SmileiMPI*, std::vector<std::string, std::allocator<std::string> >)
#1    Object "/home/zijin/Smilei/build/smilei-oneapi/smilei", at 0x7fca0d, in Params::runScript(std::string, std::string, _object*)
#0    Object "/lib64/libpthread.so.0", at 0x7f4ab12a24fb, in raise
Aborted (Signal sent by tkill() 216190 1006)
