Begin Time Thu May 5 12:48:20 CST 2022
Directory is /home/zijin/pic/Moon/run/inj_3d/01
                    _            _
  ___           _  | |        _  \ \   Version : d021d9e-master
 / __|  _ __   (_) | |  ___  (_)  | |   
 \__ \ | '  \   _  | | / -_)  _   | |
 |___/ |_|_|_| |_| |_| \___| |_|  | |  
                                 /_/    
 
 

 Reading the simulation parameters
 --------------------------------------------------------------------------------
 HDF5 version 1.12.2
 Python version 3.9.2
	 Parsing pyinit.py
	 Parsing d021d9e-master
	 Parsing pyprofiles.py
	 Parsing test.py
	 Parsing pycontrol.py
	 Check for function preprocess()
	 python preprocess function does not exist
	 Calling python _smilei_check
	 Calling python _prepare_checkpoint_dir
	 Calling python _keep_python_running() :
[;33m
[WARNING](0) src/Params/Params.cpp:656 (Params) Patches distribution: hilbertian[0m
[;33m
[WARNING](0) src/Params/Params.cpp:1049 (compute) simulation_time has been redefined from 936.851431 to 936.850450 to match timestep.[0m
 

 Geometry: 3Dcartesian
 --------------------------------------------------------------------------------
	 Interpolation order : 2
	 Maxwell solver : Yee
	 simulation duration = 936.850450,   total number of iterations = 166328
	 timestep = 0.005633 = 0.999000 x CFL,   time resolution = 177.539542
	 Grid length: 0.625, 1.25, 0.625
	 Cell length: 0.00976562, 0.00976562, 0.00976562
	 Number of cells: 64, 128, 64
	 Spatial resolution: 102.4, 102.4, 102.4
 

 Electromagnetic boundary conditions
 --------------------------------------------------------------------------------
	 xmin silver-muller, absorbing vector [1, 0, 0]
	 xmax silver-muller, absorbing vector [-1, -0, -0]
	 ymin silver-muller, absorbing vector [0, 1, 0]
	 ymax silver-muller, absorbing vector [-0, -1, -0]
	 zmin silver-muller, absorbing vector [0, 0, 1]
	 zmax silver-muller, absorbing vector [-0, -0, -1]
 

 Vectorization: 
 --------------------------------------------------------------------------------
	 Mode: off
 

 Initializing MPI
 --------------------------------------------------------------------------------
 3D built-in profile `constant` (value: 64.000000)
 3D built-in profile `constant` (value: 64.000000)
	 MPI_THREAD_MULTIPLE enabled
	 Number of MPI processes: 8
	 Number of threads per MPI process : 24
 
	 Number of patches: 8 x 16 x 8
	 Number of cells in one patch: 8 x 8 x 8
	 Dynamic load balancing: never
 

 Initializing the restart environment
 --------------------------------------------------------------------------------
 
 

 Initializing species
 --------------------------------------------------------------------------------
	 
	 Creating Species #0: solar_electron
		 > Pusher: boris
		 > Boundary conditions: remove remove remove remove remove remove
		 > Density profile: 3D built-in profile `constant` (value: 0.000000)
	 
	 Creating Species #1: solar_proton
		 > Pusher: boris
		 > Boundary conditions: remove remove remove remove remove remove
		 > Density profile: 3D built-in profile `constant` (value: 0.000000)
 

 Initializing External fields
 --------------------------------------------------------------------------------
	 External field Bx: 3D from file `LMA_fields_input.h5/Bx`
	 External field By: 3D from file `LMA_fields_input.h5/By`
	 External field Bz: 3D from file `LMA_fields_input.h5/Bz`
	 External field By: 3D built-in profile `constant` (value: 0.228805)
 

 Initializing particle injectors
 --------------------------------------------------------------------------------
	 
	 Creating Injector: injector_solar_electron
		 > Associated species: solar_electron (of index 0)
		 > Injection from from the side: xmax
		 > Position initialization defined as the species.
		 > Position initialization: random
		 > Momentum initialization defined as the species.
		 > Momentum initialization: maxwell-juettner
		 > Mean velocity defined as the species.
		 > Temperature defined as the species.
		 > Time profile: 1D built-in profile `tconstant` (0.000000)
		 > Particles per cell defined as the associated species: 3D built-in profile `constant` (value: 64.000000).
	 
	 Creating Injector: injector_solar_proton
		 > Associated species: solar_proton (of index 1)
		 > Injection from from the side: xmax
		 > Position initialization: injector_solar_electron
		 > Momentum initialization defined as the species.
		 > Momentum initialization: maxwell-juettner
		 > Mean velocity defined as the species.
		 > Temperature defined as the species.
		 > Time profile: 1D built-in profile `tconstant` (0.000000)
		 > Particles per cell defined as the associated species: 3D built-in profile `constant` (value: 64.000000).
 

 Initializing Patches
 --------------------------------------------------------------------------------
	 First patch created
		 Approximately 10% of patches created
		 Approximately 20% of patches created
		 Approximately 30% of patches created
		 Approximately 40% of patches created
		 Approximately 50% of patches created
		 Approximately 60% of patches created
		 Approximately 70% of patches created
		 Approximately 80% of patches created
		 Approximately 90% of patches created
	 All patches created
 

 Creating Diagnostics, antennas, and external fields
 --------------------------------------------------------------------------------
	 Diagnostic Fields #0  :
		 Ex Ey Ez Bx By Bz Bx_m By_m Bz_m Jx Jy Jz Rho Jx_solar_electron Jy_solar_electron Jz_solar_electron Rho_solar_electron Jx_solar_proton Jy_solar_proton Jz_solar_proton Rho_solar_proton 
	 Probe diagnostic #0
		 1 points
		 origin : 0.3125, 0.625, 0.3125
 

 finalize MPI
 --------------------------------------------------------------------------------
	 Done creating diagnostics, antennas, and external fields
 

 Minimum memory consumption (does not include all temporary buffers)
 --------------------------------------------------------------------------------
              Particles: Master 0 MB;   Max 0 MB;   Global 0 GB
                 Fields: Master 45 MB;   Max 45 MB;   Global 0.352 GB
            scalars.txt: Master 0 MB;   Max 0 MB;   Global 0 GB
             Fields0.h5: Master 0 MB;   Max 0 MB;   Global 0 GB
             Probes0.h5: Master 0 MB;   Max 0 MB;   Global 1.36e-07 GB
 

 Initial fields setup
 --------------------------------------------------------------------------------
	 Applying external fields at time t = 0
	 Applying prescribed fields at time t = 0
	 Applying antennas at time t = 0
 

 Open files & initialize diagnostics
 --------------------------------------------------------------------------------
 

 Running diags at time t = 0
 --------------------------------------------------------------------------------
 

 Species creation summary
 --------------------------------------------------------------------------------
		 Species 0 (solar_electron) created with 0 particles
		 Species 1 (solar_proton) created with 0 particles
 

 Expected disk usage (approximate)
 --------------------------------------------------------------------------------
	 WARNING: disk usage by non-uniform particles maybe strongly underestimated,
	    especially when particles are created at runtime (ionization, pair generation, etc.)
	 
	 Expected disk usage for diagnostics:
		 File Fields0.h5: 960.84 M
		 File Probes0.h5: 607.64 K
		 File scalars.txt: 559.58 K
	 Total disk usage for diagnostics: 961.98 M
	 
 

 Keeping or closing the python runtime environment
 --------------------------------------------------------------------------------
	 Checking for cleanup() function:
	 python cleanup function does not exist
	 Closing Python
 

 Time-Loop started: number of time-steps n_time = 166328
 --------------------------------------------------------------------------------
[;33m
[WARNING](0) src/Params/Params.cpp:1381 (print_timestep_headers) The following `push time` assumes a global number of 192 cores (hyperthreading is unknown)[0m
        timestep       sim time   cpu time [s]   (    diff [s] )   push time [ns]
    16632/166328     9.3683e+01     2.8932e+03   (  2.8932e+03 )            2504 
    33264/166328     1.8736e+02     8.3956e+03   (  5.5024e+03 )            2439 
    49896/166328     2.8104e+02     1.5411e+04   (  7.0153e+03 )            2221 
    66528/166328     3.7472e+02     2.3214e+04   (  7.8030e+03 )            2032 
    83160/166328     4.6841e+02     3.1220e+04   (  8.0057e+03 )            1869 
    99792/166328     5.6209e+02     3.9307e+04   (  8.0879e+03 )            1775 
   116424/166328     6.5577e+02     4.7329e+04   (  8.0214e+03 )            1695 
   133056/166328     7.4945e+02     5.5251e+04   (  7.9220e+03 )            1634 
   149688/166328     8.4313e+02     6.2865e+04   (  7.6142e+03 )            1559 
   166320/166328     9.3681e+02     7.0038e+04   (  7.1726e+03 )            1478 
 

 End time loop, time dual = 9.3685e+02
 --------------------------------------------------------------------------------
 

 Time profiling : (print time > 0.001%)
 --------------------------------------------------------------------------------
 Time_in_time_loop	7.0041e+04	9.9943e+01% coverage
 	           Particles	2.882656e+04	4.1e+01%
 	             Maxwell	6.610706e+01	    <1%
 	         Diagnostics	8.510537e+01	    <1%
 	      Sync Particles	1.927243e+03	2.8e+00%
 	         Sync Fields	1.535797e+02	    <1%
 	      Sync Densities	3.135737e+04	4.5e+01%
 	      Part Injection	7.568509e+03	1.1e+01%
 
	 Printed times are averaged per MPI process
 		 See advanced metrics in profil.txt
 
	Diagnostics profile :
 		         scalars.txt	6.8e+01
 		          Fields0.h5	4.9e+00
 		          Probes0.h5	1.0e+01
 

 END
 --------------------------------------------------------------------------------
End Time Fri May 6 08:18:31 CST 2022
