Begin Time Thu May 5 12:42:39 CST 2022
Directory is /home/zijin/pic/Moon/run/inj_2d/08
                    _            _
  ___           _  | |        _  \ \   Version : d021d9e-master
 / __|  _ __   (_) | |  ___  (_)  | |   
 \__ \ | '  \   _  | | / -_)  _   | |
 |___/ |_|_|_| |_| |_| \___| |_|  | |  
                                 /_/    
 
 

 Reading the simulation parameters
 --------------------------------------------------------------------------------
 HDF5 version 1.12.2
 Python version 3.9.2
	 Parsing pyinit.py
	 Parsing d021d9e-master
	 Parsing pyprofiles.py
	 Parsing test.py
	 Parsing pycontrol.py
	 Check for function preprocess()
	 python preprocess function does not exist
	 Calling python _smilei_check
	 Calling python _prepare_checkpoint_dir
	 Calling python _keep_python_running() :
[;33m
[WARNING](0) src/Params/Params.cpp:639 (Params) Resources allocated 192 underloaded regarding the total number of patches 128[0m
[;33m
[WARNING](0) src/Params/Params.cpp:656 (Params) Patches distribution: hilbertian[0m
[;33m
[WARNING](0) src/Params/Params.cpp:1049 (compute) simulation_time has been redefined from 1070.687350 to 1070.685296 to match timestep.[0m
 

 Geometry: 2Dcartesian
 --------------------------------------------------------------------------------
	 Interpolation order : 2
	 Maxwell solver : Yee
	 simulation duration = 1070.685296,   total number of iterations = 155207
	 timestep = 0.006898 = 0.999000 x CFL,   time resolution = 144.960429
	 Grid length: 0.625, 1.25
	 Cell length: 0.00976562, 0.00976562, 0
	 Number of cells: 64, 128
	 Spatial resolution: 102.4, 102.4
 

 Electromagnetic boundary conditions
 --------------------------------------------------------------------------------
	 xmin silver-muller, absorbing vector [1, 0]
	 xmax silver-muller, absorbing vector [-1, -0]
	 ymin silver-muller, absorbing vector [0, 1]
	 ymax silver-muller, absorbing vector [-0, -1]
 

 Vectorization: 
 --------------------------------------------------------------------------------
	 Mode: off
 

 Initializing MPI
 --------------------------------------------------------------------------------
 2D built-in profile `constant` (value: 8.000000)
 2D built-in profile `constant` (value: 8.000000)
	 MPI_THREAD_MULTIPLE enabled
	 Number of MPI processes: 8
	 Number of threads per MPI process : 24
 
	 Number of patches: 8 x 16
	 Number of cells in one patch: 8 x 8
	 Dynamic load balancing: never
 

 Initializing the restart environment
 --------------------------------------------------------------------------------
 
 

 Initializing species
 --------------------------------------------------------------------------------
	 
	 Creating Species #0: solar_electron
		 > Pusher: boris
		 > Boundary conditions: stop stop stop stop
		 > Density profile: 2D built-in profile `constant` (value: 0.000000)
	 
	 Creating Species #1: solar_proton
		 > Pusher: boris
		 > Boundary conditions: stop stop stop stop
		 > Density profile: 2D built-in profile `constant` (value: 0.000000)
 

 Initializing External fields
 --------------------------------------------------------------------------------
	 External field By: 2D built-in profile `constant` (value: 0.228805)
 

 Initializing particle injectors
 --------------------------------------------------------------------------------
	 
	 Creating Injector: injector_solar_electron
		 > Associated species: solar_electron (of index 0)
		 > Injection from from the side: xmax
		 > Position initialization defined as the species.
		 > Position initialization: random
		 > Momentum initialization defined as the species.
		 > Momentum initialization: maxwell-juettner
		 > Mean velocity defined as the species.
		 > Temperature defined as the species.
		 > Time profile: 1D built-in profile `tconstant` (0.000000)
		 > Particles per cell defined as the associated species: 2D built-in profile `constant` (value: 8.000000).
	 
	 Creating Injector: injector_solar_proton
		 > Associated species: solar_proton (of index 1)
		 > Injection from from the side: xmax
		 > Position initialization: injector_solar_electron
		 > Momentum initialization defined as the species.
		 > Momentum initialization: maxwell-juettner
		 > Mean velocity defined as the species.
		 > Temperature defined as the species.
		 > Time profile: 1D built-in profile `tconstant` (0.000000)
		 > Particles per cell defined as the associated species: 2D built-in profile `constant` (value: 8.000000).
 

 Initializing Patches
 --------------------------------------------------------------------------------
	 First patch created
		 Approximately 10% of patches created
		 Approximately 20% of patches created
		 Approximately 30% of patches created
		 Approximately 40% of patches created
		 Approximately 50% of patches created
		 Approximately 60% of patches created
		 Approximately 70% of patches created
		 Approximately 80% of patches created
		 Approximately 90% of patches created
	 All patches created
 

 Creating Diagnostics, antennas, and external fields
 --------------------------------------------------------------------------------
	 Diagnostic Fields #0  :
		 Ex Ey Ez Bx By Bz Bx_m By_m Bz_m Jx Jy Jz Rho Jx_solar_electron Jy_solar_electron Jz_solar_electron Rho_solar_electron Jx_solar_proton Jy_solar_proton Jz_solar_proton Rho_solar_proton 
 

 finalize MPI
 --------------------------------------------------------------------------------
	 Done creating diagnostics, antennas, and external fields
 

 Minimum memory consumption (does not include all temporary buffers)
 --------------------------------------------------------------------------------
              Particles: Master 0 MB;   Max 0 MB;   Global 0 GB
                 Fields: Master 0 MB;   Max 0 MB;   Global 0.00338 GB
            scalars.txt: Master 0 MB;   Max 0 MB;   Global 0 GB
             Fields0.h5: Master 0 MB;   Max 0 MB;   Global 0 GB
 

 Initial fields setup
 --------------------------------------------------------------------------------
	 Applying external fields at time t = 0
	 Applying prescribed fields at time t = 0
	 Applying antennas at time t = 0
 

 Open files & initialize diagnostics
 --------------------------------------------------------------------------------
 

 Running diags at time t = 0
 --------------------------------------------------------------------------------
 

 Species creation summary
 --------------------------------------------------------------------------------
		 Species 0 (solar_electron) created with 0 particles
		 Species 1 (solar_proton) created with 0 particles
 

 Expected disk usage (approximate)
 --------------------------------------------------------------------------------
	 WARNING: disk usage by non-uniform particles maybe strongly underestimated,
	    especially when particles are created at runtime (ionization, pair generation, etc.)
	 
	 Expected disk usage for diagnostics:
		 File Fields0.h5: 15.07 M
		 File scalars.txt: 508.71 K
	 Total disk usage for diagnostics: 15.56 M
	 
 

 Keeping or closing the python runtime environment
 --------------------------------------------------------------------------------
	 Checking for cleanup() function:
	 python cleanup function does not exist
	 Closing Python
 

 Time-Loop started: number of time-steps n_time = 155207
 --------------------------------------------------------------------------------
[;33m
[WARNING](0) src/Params/Params.cpp:1381 (print_timestep_headers) The following `push time` assumes a global number of 192 cores (hyperthreading is unknown)[0m
        timestep       sim time   cpu time [s]   (    diff [s] )   push time [ns]
    15520/155207     1.0707e+02     2.5131e+01   (  2.5131e+01 )            4034 
    31040/155207     2.1413e+02     5.4661e+01   (  2.9530e+01 )            2374 
    46560/155207     3.2119e+02     8.4899e+01   (  3.0238e+01 )            1620 
    62080/155207     4.2826e+02     1.1558e+02   (  3.0677e+01 )            1234 
