OMP initialized with 24 OMP threads
AMReX (22.04) initialized
WarpX (22.04-nogit)
PICSAR (e7ef03b852b8)
Level 0: dt = 1.171651356e-06 ; dx = 497.2429246 ; dz = 497.2429246

Grids Summary:
  Level 0   32 grids  32768 cells  100 % of domain
            smallest grid: 32 x 32  biggest grid: 32 x 32

-------------------------------------------------------------------------------
--------------------------- MAIN EM PIC PARAMETERS ----------------------------
-------------------------------------------------------------------------------
Geometry:             | 2D (XZ)
Operation mode:       | Electromagnetic
                      | - vacuum
-------------------------------------------------------------------------------
Current Deposition:   | Esirkepov 
Particle Pusher:      | Boris 
Charge Deposition:    | standard 
Field Gathering:      | energy-conserving 
Particle Shape Factor:| 1
-------------------------------------------------------------------------------
Maxwell Solver:       | Yee 
                      | - staggered mode 
Guard cells           | - ng_alloc_EB = (2,2)
 (allocated for E/B)  | 
-------------------------------------------------------------------------------
--- INFO    : Writing plotfile ./diags/plotfiles/plt000000

STEP 1 starts ...


**** WARNINGS ******************************************************************
* GLOBAL warning list  after  [ FIRST STEP ]
*
* No recorded warnings.
********************************************************************************

STEP 1 ends. TIME = 1.171651356e-06 DT = 1.171651356e-06
Evolve time = 2.422613731 s; This step = 2.422613731 s; Avg. per step = 2.422613731 s

STEP 2 starts ...
STEP 2 ends. TIME = 2.343302713e-06 DT = 1.171651356e-06
Evolve time = 3.151247842 s; This step = 0.728634111 s; Avg. per step = 1.575623921 s

STEP 3 starts ...
STEP 3 ends. TIME = 3.514954069e-06 DT = 1.171651356e-06
Evolve time = 3.375904579 s; This step = 0.224656737 s; Avg. per step = 1.125301526 s

STEP 4 starts ...
STEP 4 ends. TIME = 4.686605425e-06 DT = 1.171651356e-06
Evolve time = 3.600704694 s; This step = 0.224800115 s; Avg. per step = 0.9001761735 s

STEP 5 starts ...
STEP 5 ends. TIME = 5.858256782e-06 DT = 1.171651356e-06
Evolve time = 3.825026705 s; This step = 0.224322011 s; Avg. per step = 0.765005341 s

STEP 6 starts ...
STEP 6 ends. TIME = 7.029908138e-06 DT = 1.171651356e-06
Evolve time = 4.049455811 s; This step = 0.224429106 s; Avg. per step = 0.6749093018 s

STEP 7 starts ...
STEP 7 ends. TIME = 8.201559494e-06 DT = 1.171651356e-06
Evolve time = 4.273900329 s; This step = 0.224444518 s; Avg. per step = 0.6105571899 s

STEP 8 starts ...
STEP 8 ends. TIME = 9.373210851e-06 DT = 1.171651356e-06
Evolve time = 4.498165911 s; This step = 0.224265582 s; Avg. per step = 0.5622707389 s

STEP 9 starts ...
STEP 9 ends. TIME = 1.054486221e-05 DT = 1.171651356e-06
Evolve time = 4.722476393 s; This step = 0.224310482 s; Avg. per step = 0.5247195992 s

STEP 10 starts ...
STEP 10 ends. TIME = 1.171651356e-05 DT = 1.171651356e-06
Evolve time = 4.947235747 s; This step = 0.224759354 s; Avg. per step = 0.4947235747 s

STEP 11 starts ...
STEP 11 ends. TIME = 1.288816492e-05 DT = 1.171651356e-06
Evolve time = 5.171816899 s; This step = 0.224581152 s; Avg. per step = 0.4701651726 s

STEP 12 starts ...
STEP 12 ends. TIME = 1.405981628e-05 DT = 1.171651356e-06
Evolve time = 5.3960739 s; This step = 0.224257001 s; Avg. per step = 0.449672825 s

STEP 13 starts ...
STEP 13 ends. TIME = 1.523146763e-05 DT = 1.171651356e-06
Evolve time = 5.6204176 s; This step = 0.2243437 s; Avg. per step = 0.4323398154 s

STEP 14 starts ...
STEP 14 ends. TIME = 1.640311899e-05 DT = 1.171651356e-06
Evolve time = 5.844699242 s; This step = 0.224281642 s; Avg. per step = 0.4174785173 s

STEP 15 starts ...
STEP 15 ends. TIME = 1.757477034e-05 DT = 1.171651356e-06
Evolve time = 6.068788045 s; This step = 0.224088803 s; Avg. per step = 0.4045858697 s

STEP 16 starts ...
STEP 16 ends. TIME = 1.87464217e-05 DT = 1.171651356e-06
Evolve time = 6.293020813 s; This step = 0.224232768 s; Avg. per step = 0.3933138008 s

STEP 17 starts ...
STEP 17 ends. TIME = 1.991807306e-05 DT = 1.171651356e-06
Evolve time = 6.51703642 s; This step = 0.224015607 s; Avg. per step = 0.3833550835 s

STEP 18 starts ...
STEP 18 ends. TIME = 2.108972441e-05 DT = 1.171651356e-06
Evolve time = 6.743037943 s; This step = 0.226001523 s; Avg. per step = 0.3746132191 s

STEP 19 starts ...
STEP 19 ends. TIME = 2.226137577e-05 DT = 1.171651356e-06
Evolve time = 6.967178988 s; This step = 0.224141045 s; Avg. per step = 0.3666936309 s

STEP 20 starts ...
STEP 20 ends. TIME = 2.343302713e-05 DT = 1.171651356e-06
Evolve time = 7.191271698 s; This step = 0.22409271 s; Avg. per step = 0.3595635849 s

STEP 21 starts ...
STEP 21 ends. TIME = 2.460467848e-05 DT = 1.171651356e-06
Evolve time = 7.415415505 s; This step = 0.224143807 s; Avg. per step = 0.353115024 s

STEP 22 starts ...
STEP 22 ends. TIME = 2.577632984e-05 DT = 1.171651356e-06
Evolve time = 7.639733055 s; This step = 0.22431755 s; Avg. per step = 0.3472605934 s

STEP 23 starts ...
STEP 23 ends. TIME = 2.69479812e-05 DT = 1.171651356e-06
Evolve time = 7.863910418 s; This step = 0.224177363 s; Avg. per step = 0.3419091486 s

STEP 24 starts ...
STEP 24 ends. TIME = 2.811963255e-05 DT = 1.171651356e-06
Evolve time = 8.087992896 s; This step = 0.224082478 s; Avg. per step = 0.336999704 s

STEP 25 starts ...
STEP 25 ends. TIME = 2.929128391e-05 DT = 1.171651356e-06
Evolve time = 8.312181261 s; This step = 0.224188365 s; Avg. per step = 0.3324872504 s

STEP 26 starts ...
STEP 26 ends. TIME = 3.046293526e-05 DT = 1.171651356e-06
Evolve time = 8.53607126 s; This step = 0.223889999 s; Avg. per step = 0.3283104331 s

STEP 27 starts ...
STEP 27 ends. TIME = 3.163458662e-05 DT = 1.171651356e-06
Evolve time = 8.760129942 s; This step = 0.224058682 s; Avg. per step = 0.3244492571 s

STEP 28 starts ...
STEP 28 ends. TIME = 3.280623798e-05 DT = 1.171651356e-06
Evolve time = 8.994820263 s; This step = 0.234690321 s; Avg. per step = 0.3212435808 s

STEP 29 starts ...
STEP 29 ends. TIME = 3.397788933e-05 DT = 1.171651356e-06
Evolve time = 9.218955985 s; This step = 0.224135722 s; Avg. per step = 0.317895034 s

STEP 30 starts ...
STEP 30 ends. TIME = 3.514954069e-05 DT = 1.171651356e-06
Evolve time = 9.44326323 s; This step = 0.224307245 s; Avg. per step = 0.314775441 s

STEP 31 starts ...
STEP 31 ends. TIME = 3.632119205e-05 DT = 1.171651356e-06
Evolve time = 9.667478079 s; This step = 0.224214849 s; Avg. per step = 0.3118541316 s

STEP 32 starts ...
STEP 32 ends. TIME = 3.74928434e-05 DT = 1.171651356e-06
Evolve time = 9.891570744 s; This step = 0.224092665 s; Avg. per step = 0.3091115858 s

STEP 33 starts ...
STEP 33 ends. TIME = 3.866449476e-05 DT = 1.171651356e-06
Evolve time = 10.28671851 s; This step = 0.395147769 s; Avg. per step = 0.3117187428 s

STEP 34 starts ...
STEP 34 ends. TIME = 3.983614611e-05 DT = 1.171651356e-06
Evolve time = 10.52982439 s; This step = 0.243105872 s; Avg. per step = 0.3097007172 s

STEP 35 starts ...
STEP 35 ends. TIME = 4.100779747e-05 DT = 1.171651356e-06
Evolve time = 10.76678601 s; This step = 0.236961625 s; Avg. per step = 0.3076224574 s

STEP 36 starts ...
STEP 36 ends. TIME = 4.217944883e-05 DT = 1.171651356e-06
Evolve time = 10.99078905 s; This step = 0.224003036 s; Avg. per step = 0.3052996957 s

STEP 37 starts ...
STEP 37 ends. TIME = 4.335110018e-05 DT = 1.171651356e-06
Evolve time = 11.2147032 s; This step = 0.223914149 s; Avg. per step = 0.3031000864 s

STEP 38 starts ...
STEP 38 ends. TIME = 4.452275154e-05 DT = 1.171651356e-06
Evolve time = 11.43848234 s; This step = 0.223779143 s; Avg. per step = 0.3010126931 s

STEP 39 starts ...
STEP 39 ends. TIME = 4.56944029e-05 DT = 1.171651356e-06
Evolve time = 11.66312885 s; This step = 0.224646515 s; Avg. per step = 0.299054586 s

STEP 40 starts ...
STEP 40 ends. TIME = 4.686605425e-05 DT = 1.171651356e-06
Evolve time = 11.88725292 s; This step = 0.224124063 s; Avg. per step = 0.2971813229 s

STEP 41 starts ...
STEP 41 ends. TIME = 4.803770561e-05 DT = 1.171651356e-06
Evolve time = 12.11115266 s; This step = 0.223899742 s; Avg. per step = 0.2953939673 s

STEP 42 starts ...
STEP 42 ends. TIME = 4.920935697e-05 DT = 1.171651356e-06
Evolve time = 12.33543584 s; This step = 0.224283178 s; Avg. per step = 0.2937008532 s

STEP 43 starts ...
STEP 43 ends. TIME = 5.038100832e-05 DT = 1.171651356e-06
Evolve time = 12.55921433 s; This step = 0.223778495 s; Avg. per step = 0.2920747519 s

STEP 44 starts ...
STEP 44 ends. TIME = 5.155265968e-05 DT = 1.171651356e-06
Evolve time = 12.78335364 s; This step = 0.224139305 s; Avg. per step = 0.2905307645 s

STEP 45 starts ...
STEP 45 ends. TIME = 5.272431103e-05 DT = 1.171651356e-06
Evolve time = 13.00771997 s; This step = 0.224366338 s; Avg. per step = 0.2890604439 s

STEP 46 starts ...
STEP 46 ends. TIME = 5.389596239e-05 DT = 1.171651356e-06
Evolve time = 13.2314182 s; This step = 0.223698227 s; Avg. per step = 0.2876395261 s

STEP 47 starts ...
STEP 47 ends. TIME = 5.506761375e-05 DT = 1.171651356e-06
Evolve time = 13.45508405 s; This step = 0.223665852 s; Avg. per step = 0.2862783841 s

STEP 48 starts ...
STEP 48 ends. TIME = 5.62392651e-05 DT = 1.171651356e-06
Evolve time = 13.67900373 s; This step = 0.223919676 s; Avg. per step = 0.2849792444 s

STEP 49 starts ...
STEP 49 ends. TIME = 5.741091646e-05 DT = 1.171651356e-06
Evolve time = 13.90259939 s; This step = 0.223595661 s; Avg. per step = 0.2837265182 s

STEP 50 starts ...
STEP 50 ends. TIME = 5.858256782e-05 DT = 1.171651356e-06
Evolve time = 14.12687355 s; This step = 0.22427416 s; Avg. per step = 0.282537471 s

STEP 51 starts ...
STEP 51 ends. TIME = 5.975421917e-05 DT = 1.171651356e-06
Evolve time = 14.35074181 s; This step = 0.223868259 s; Avg. per step = 0.2813870943 s

STEP 52 starts ...
STEP 52 ends. TIME = 6.092587053e-05 DT = 1.171651356e-06
Evolve time = 14.57494726 s; This step = 0.224205448 s; Avg. per step = 0.2802874473 s

STEP 53 starts ...
STEP 53 ends. TIME = 6.209752188e-05 DT = 1.171651356e-06
Evolve time = 14.79886624 s; This step = 0.22391898 s; Avg. per step = 0.2792238913 s

STEP 54 starts ...
STEP 54 ends. TIME = 6.326917324e-05 DT = 1.171651356e-06
Evolve time = 15.02255231 s; This step = 0.223686076 s; Avg. per step = 0.2781954132 s

STEP 55 starts ...
STEP 55 ends. TIME = 6.44408246e-05 DT = 1.171651356e-06
Evolve time = 15.24616091 s; This step = 0.223608599 s; Avg. per step = 0.2772029257 s

STEP 56 starts ...
STEP 56 ends. TIME = 6.561247595e-05 DT = 1.171651356e-06
Evolve time = 15.46977695 s; This step = 0.22361604 s; Avg. per step = 0.276246017 s

STEP 57 starts ...
STEP 57 ends. TIME = 6.678412731e-05 DT = 1.171651356e-06
Evolve time = 15.69357866 s; This step = 0.223801712 s; Avg. per step = 0.2753259415 s

STEP 58 starts ...
STEP 58 ends. TIME = 6.795577867e-05 DT = 1.171651356e-06
Evolve time = 15.91744504 s; This step = 0.223866379 s; Avg. per step = 0.2744387076 s

STEP 59 starts ...
STEP 59 ends. TIME = 6.912743002e-05 DT = 1.171651356e-06
Evolve time = 16.14089035 s; This step = 0.223445302 s; Avg. per step = 0.2735744126 s

STEP 60 starts ...
STEP 60 ends. TIME = 7.029908138e-05 DT = 1.171651356e-06
Evolve time = 16.36449779 s; This step = 0.223607449 s; Avg. per step = 0.2727416299 s

STEP 61 starts ...
STEP 61 ends. TIME = 7.147073274e-05 DT = 1.171651356e-06
Evolve time = 16.58799751 s; This step = 0.22349972 s; Avg. per step = 0.2719343855 s

STEP 62 starts ...
STEP 62 ends. TIME = 7.264238409e-05 DT = 1.171651356e-06
Evolve time = 16.81189416 s; This step = 0.22389665 s; Avg. per step = 0.2711595833 s

STEP 63 starts ...
STEP 63 ends. TIME = 7.381403545e-05 DT = 1.171651356e-06
Evolve time = 17.03525628 s; This step = 0.223362118 s; Avg. per step = 0.2704008934 s

STEP 64 starts ...
STEP 64 ends. TIME = 7.49856868e-05 DT = 1.171651356e-06
Evolve time = 17.25878701 s; This step = 0.223530724 s; Avg. per step = 0.269668547 s

STEP 65 starts ...
STEP 65 ends. TIME = 7.615733816e-05 DT = 1.171651356e-06
Evolve time = 17.48244331 s; This step = 0.223656305 s; Avg. per step = 0.2689606663 s

STEP 66 starts ...
STEP 66 ends. TIME = 7.732898952e-05 DT = 1.171651356e-06
Evolve time = 17.70589493 s; This step = 0.22345162 s; Avg. per step = 0.2682711353 s

STEP 67 starts ...
STEP 67 ends. TIME = 7.850064087e-05 DT = 1.171651356e-06
Evolve time = 17.92970259 s; This step = 0.22380766 s; Avg. per step = 0.2676075014 s

STEP 68 starts ...
STEP 68 ends. TIME = 7.967229223e-05 DT = 1.171651356e-06
Evolve time = 18.15338225 s; This step = 0.22367966 s; Avg. per step = 0.2669615037 s

STEP 69 starts ...
STEP 69 ends. TIME = 8.084394359e-05 DT = 1.171651356e-06
Evolve time = 18.37724917 s; This step = 0.223866919 s; Avg. per step = 0.2663369445 s

STEP 70 starts ...
STEP 70 ends. TIME = 8.201559494e-05 DT = 1.171651356e-06
Evolve time = 18.60868223 s; This step = 0.231433064 s; Avg. per step = 0.2658383176 s

STEP 71 starts ...
STEP 71 ends. TIME = 8.31872463e-05 DT = 1.171651356e-06
Evolve time = 18.83497519 s; This step = 0.226292952 s; Avg. per step = 0.2652813406 s

STEP 72 starts ...
STEP 72 ends. TIME = 8.435889765e-05 DT = 1.171651356e-06
Evolve time = 19.05854239 s; This step = 0.223567203 s; Avg. per step = 0.2647019776 s

STEP 73 starts ...
STEP 73 ends. TIME = 8.553054901e-05 DT = 1.171651356e-06
Evolve time = 19.28211562 s; This step = 0.223573228 s; Avg. per step = 0.2641385701 s

STEP 74 starts ...
STEP 74 ends. TIME = 8.670220037e-05 DT = 1.171651356e-06
Evolve time = 19.50548573 s; This step = 0.223370117 s; Avg. per step = 0.2635876451 s

STEP 75 starts ...
STEP 75 ends. TIME = 8.787385172e-05 DT = 1.171651356e-06
Evolve time = 19.7291044 s; This step = 0.223618664 s; Avg. per step = 0.2630547253 s

STEP 76 starts ...
STEP 76 ends. TIME = 8.904550308e-05 DT = 1.171651356e-06
Evolve time = 19.95238261 s; This step = 0.223278216 s; Avg. per step = 0.2625313502 s

STEP 77 starts ...
STEP 77 ends. TIME = 9.021715444e-05 DT = 1.171651356e-06
Evolve time = 20.17573183 s; This step = 0.22334922 s; Avg. per step = 0.2620224914 s

STEP 78 starts ...
STEP 78 ends. TIME = 9.138880579e-05 DT = 1.171651356e-06
Evolve time = 20.39961008 s; This step = 0.223878245 s; Avg. per step = 0.2615334626 s

STEP 79 starts ...
STEP 79 ends. TIME = 9.256045715e-05 DT = 1.171651356e-06
Evolve time = 20.62292564 s; This step = 0.223315559 s; Avg. per step = 0.2610496916 s

STEP 80 starts ...
STEP 80 ends. TIME = 9.373210851e-05 DT = 1.171651356e-06
Evolve time = 20.84611553 s; This step = 0.223189888 s; Avg. per step = 0.2605764441 s

STEP 81 starts ...
STEP 81 ends. TIME = 9.490375986e-05 DT = 1.171651356e-06
Evolve time = 21.06981997 s; This step = 0.223704441 s; Avg. per step = 0.2601212342 s

STEP 82 starts ...
